<?xml version="1.0" encoding="UTF-8"?>
<!-- Generated by org.testng.reporters.JUnitXMLReporter -->
<testsuite ignored="0" hostname="DESKTOP-AJN2UPJ" failures="0" tests="1" name="Test on Chrome" time="0.082" errors="0" timestamp="2024-07-18T13:01:33 IST">
  <testcase classname="com.example.tests.BaseTest" name="@BeforeClass setup" time="-1.721287893768E9">
    <failure type="org.testng.TestNGException" message="
Parameter &amp;apos;browserName&amp;apos; is required by BeforeClass on method setup but has not been marked @Optional or defined
in C:\Users\Johny Vinod Xavier\IdeaProjects\PlayWright_Demo\src\test\resources\testng.xml">
      <![CDATA[org.testng.TestNGException: 
Parameter 'browserName' is required by BeforeClass on method setup but has not been marked @Optional or defined
in C:\Users\Johny Vinod Xavier\IdeaProjects\PlayWright_Demo\src\test\resources\testng.xml
at java.base/java.util.ArrayList.forEach(ArrayList.java:1511)
at com.example.tests.MainRunner.main(MainRunner.java:26)
... Removed 19 stack frames]]>
    </failure>
  </testcase> <!-- @BeforeClass setup -->
  <testcase classname="com.example.tests.BaseTest" name="@AfterClass teardown" time="0.0">
    <skipped/>
  </testcase> <!-- @AfterClass teardown -->
  <testcase classname="com.example.tests.TrasactProductsTest" name="addProductsAndVerifyCart" time="0.0">
    <skipped/>
  </testcase> <!-- addProductsAndVerifyCart -->
</testsuite> <!-- Test on Chrome -->
