<?xml version="1.0" encoding="UTF-8"?>
<!-- Generated by org.testng.reporters.JUnitXMLReporter -->
<testsuite ignored="0" hostname="DESKTOP-AJN2UPJ" failures="0" tests="1" name="Command line test" time="0.074" errors="0" timestamp="2024-07-18T12:58:40 IST">
  <testcase classname="com.example.tests.BaseTest" name="@BeforeClass setup" time="-1.72128772072E9">
    <failure type="org.testng.TestNGException" message="
Parameter &amp;apos;browserName&amp;apos; is required by BeforeClass on method setup but has not been marked @Optional or defined
">
      <![CDATA[org.testng.TestNGException: 
Parameter 'browserName' is required by BeforeClass on method setup but has not been marked @Optional or defined

at java.base/java.util.ArrayList.forEach(ArrayList.java:1511)
at com.example.tests.MainRunner.main(MainRunner.java:26)
... Removed 19 stack frames]]>
    </failure>
  </testcase> <!-- @BeforeClass setup -->
  <testcase classname="com.example.tests.BaseTest" name="@AfterClass teardown" time="0.0">
    <skipped/>
  </testcase> <!-- @AfterClass teardown -->
  <testcase classname="com.example.tests.TrasactProductsTest" name="addProductsAndVerifyCart" time="0.0">
    <skipped/>
  </testcase> <!-- addProductsAndVerifyCart -->
</testsuite> <!-- Command line test -->
